{"contracts\\ImpactCoin.sol":{"l":{"15":66,"16":66,"36":19},"path":"g:\\_projects\\intercoin\\RewardsContract\\src\\contracts\\ImpactCoin.sol","s":{"1":66,"2":66,"3":19},"b":{},"f":{"1":66,"2":19},"fnMap":{"1":{"name":"constructor","line":13,"loc":{"start":{"line":11,"column":4},"end":{"line":17,"column":4}}},"2":{"name":"mint","line":34,"loc":{"start":{"line":28,"column":4},"end":{"line":37,"column":4}}}},"statementMap":{"1":{"start":{"line":15,"column":8},"end":{"line":15,"column":51}},"2":{"start":{"line":16,"column":8},"end":{"line":16,"column":44}},"3":{"start":{"line":36,"column":8},"end":{"line":36,"column":24}}},"branchMap":{}},"contracts\\interfaces\\IReward.sol":{"l":{},"path":"g:\\_projects\\intercoin\\RewardsContract\\src\\contracts\\interfaces\\IReward.sol","s":{},"b":{},"f":{},"fnMap":{},"statementMap":{},"branchMap":{}},"contracts\\ITRx.sol":{"l":{"26":39,"27":39,"29":39,"30":39,"31":39,"38":9,"39":8,"55":47,"56":47,"83":65},"path":"g:\\_projects\\intercoin\\RewardsContract\\src\\contracts\\ITRx.sol","s":{"1":39,"2":39,"3":39,"4":39,"5":39,"6":9,"7":8,"8":47,"9":47,"10":65},"b":{"1":[39,0],"2":[8,1],"3":[47,0],"4":[60,5]},"f":{"1":39,"2":9,"3":47,"4":65},"fnMap":{"1":{"name":"constructor","line":24,"loc":{"start":{"line":18,"column":4},"end":{"line":32,"column":4}}},"2":{"name":"mint","line":37,"loc":{"start":{"line":37,"column":4},"end":{"line":40,"column":4}}},"3":{"name":"_mint","line":45,"loc":{"start":{"line":45,"column":4},"end":{"line":57,"column":4}}},"4":{"name":"_beforeTokenTransfer","line":73,"loc":{"start":{"line":73,"column":4},"end":{"line":91,"column":4}}}},"statementMap":{"1":{"start":{"line":26,"column":8},"end":{"line":26,"column":51}},"2":{"start":{"line":27,"column":8},"end":{"line":27,"column":42}},"3":{"start":{"line":29,"column":8},"end":{"line":29,"column":66}},"4":{"start":{"line":30,"column":8},"end":{"line":30,"column":27}},"5":{"start":{"line":31,"column":8},"end":{"line":31,"column":49}},"6":{"start":{"line":38,"column":8},"end":{"line":38,"column":72}},"7":{"start":{"line":39,"column":8},"end":{"line":39,"column":37}},"8":{"start":{"line":55,"column":8},"end":{"line":55,"column":79}},"9":{"start":{"line":56,"column":8},"end":{"line":56,"column":65}},"10":{"start":{"line":83,"column":8},"end":{"line":83,"column":2621}}},"branchMap":{"1":{"line":29,"type":"if","locations":[{"start":{"line":29,"column":8},"end":{"line":29,"column":8}},{"start":{"line":29,"column":8},"end":{"line":29,"column":8}}]},"2":{"line":38,"type":"if","locations":[{"start":{"line":38,"column":8},"end":{"line":38,"column":8}},{"start":{"line":38,"column":8},"end":{"line":38,"column":8}}]},"3":{"line":55,"type":"if","locations":[{"start":{"line":55,"column":8},"end":{"line":55,"column":8}},{"start":{"line":55,"column":8},"end":{"line":55,"column":8}}]},"4":{"line":83,"type":"if","locations":[{"start":{"line":83,"column":8},"end":{"line":83,"column":8}},{"start":{"line":83,"column":8},"end":{"line":83,"column":8}}]}}},"contracts\\mocks\\MockBonusCaller.sol":{"l":{"14":19,"22":1,"24":0},"path":"g:\\_projects\\intercoin\\RewardsContract\\src\\contracts\\mocks\\MockBonusCaller.sol","s":{"1":19,"2":1,"3":0},"b":{},"f":{"1":19},"fnMap":{"1":{"name":"bonusCall","line":8,"loc":{"start":{"line":8,"column":4},"end":{"line":26,"column":4}}}},"statementMap":{"1":{"start":{"line":14,"column":8},"end":{"line":14,"column":489}},"2":{"start":{"line":22,"column":12},"end":{"line":22,"column":25}},"3":{"start":{"line":24,"column":12},"end":{"line":24,"column":54}}},"branchMap":{}},"contracts\\mocks\\MockCommunity.sol":{"l":{},"path":"g:\\_projects\\intercoin\\RewardsContract\\src\\contracts\\mocks\\MockCommunity.sol","s":{},"b":{},"f":{},"fnMap":{},"statementMap":{},"branchMap":{}},"contracts\\mocks\\nft\\MockNFT.sol":{"l":{},"path":"g:\\_projects\\intercoin\\RewardsContract\\src\\contracts\\mocks\\nft\\MockNFT.sol","s":{},"b":{},"f":{},"fnMap":{},"statementMap":{},"branchMap":{}},"contracts\\mocks\\nft\\MockNFTFactory.sol":{"l":{},"path":"g:\\_projects\\intercoin\\RewardsContract\\src\\contracts\\mocks\\nft\\MockNFTFactory.sol","s":{},"b":{},"f":{"1":27},"fnMap":{"1":{"name":"constructor","line":10,"loc":{"start":{"line":7,"column":4},"end":{"line":12,"column":4}}}},"statementMap":{},"branchMap":{}},"contracts\\mocks\\uniswap\\IUniswapRouter.sol":{"l":{},"path":"g:\\_projects\\intercoin\\RewardsContract\\src\\contracts\\mocks\\uniswap\\IUniswapRouter.sol","s":{},"b":{},"f":{},"fnMap":{},"statementMap":{},"branchMap":{}},"contracts\\mocks\\uniswap\\IUniswapV2Factory.sol":{"l":{},"path":"g:\\_projects\\intercoin\\RewardsContract\\src\\contracts\\mocks\\uniswap\\IUniswapV2Factory.sol","s":{},"b":{},"f":{},"fnMap":{},"statementMap":{},"branchMap":{}},"contracts\\Reward.sol":{"l":{"78":19,"80":18,"81":18,"82":18,"87":4,"98":1,"99":1,"100":1,"109":2,"110":2,"111":8,"124":9,"135":9,"136":9,"137":9,"138":9,"140":9,"142":9,"143":27,"146":9,"147":9,"148":90,"151":9,"153":9,"154":9,"165":18,"166":18,"173":0,"175":0,"187":18,"188":18,"192":18,"193":18,"194":18,"196":54,"201":2,"202":2,"206":18,"209":18,"219":18,"227":18,"228":18,"230":18,"231":18,"233":0,"234":0,"237":0,"248":18,"249":18,"251":18,"252":18,"254":18,"255":18,"256":174,"260":13,"261":13,"264":174,"265":174,"271":18,"272":18,"274":18,"275":13,"276":13,"278":1,"279":1,"282":18,"283":14,"285":14,"286":14,"287":14,"292":14,"293":14,"295":14,"298":14,"305":0,"307":0,"310":14,"311":14,"312":10,"313":10,"320":0,"322":0,"327":14,"328":14,"335":0,"337":0,"348":33},"path":"g:\\_projects\\intercoin\\RewardsContract\\src\\contracts\\Reward.sol","s":{"1":19,"2":18,"3":18,"4":18,"5":4,"6":1,"7":1,"8":1,"9":2,"10":8,"11":9,"12":9,"13":9,"14":9,"15":9,"16":9,"17":9,"18":27,"19":9,"20":9,"21":90,"22":9,"23":9,"24":9,"25":18,"26":18,"27":0,"28":0,"29":18,"30":18,"31":18,"32":18,"33":18,"34":54,"35":2,"36":2,"37":18,"38":18,"39":18,"40":18,"41":18,"42":18,"43":18,"44":0,"45":0,"46":0,"47":18,"48":18,"49":18,"50":18,"51":18,"52":18,"53":174,"54":13,"55":13,"56":174,"57":174,"58":18,"59":18,"60":18,"61":13,"62":13,"63":5,"64":1,"65":1,"66":18,"67":14,"68":14,"69":14,"70":14,"71":14,"72":14,"73":14,"74":14,"75":0,"76":0,"77":14,"78":14,"79":10,"80":10,"81":0,"82":0,"83":14,"84":14,"85":0,"86":0,"87":33},"b":{"1":[18,1],"2":[18,0],"3":[2,52],"4":[0,18],"5":[0,0],"6":[13,161],"7":[174,0],"8":[13,5],"9":[1,4],"10":[14,4],"11":[14,0],"12":[10,4]},"f":{"1":19,"2":4,"3":1,"4":2,"5":9,"6":9,"7":18,"8":18,"9":18,"10":18,"11":14,"12":33},"fnMap":{"1":{"name":"bonus","line":70,"loc":{"start":{"line":70,"column":4},"end":{"line":84,"column":4}}},"2":{"name":"viewSettings","line":86,"loc":{"start":{"line":86,"column":4},"end":{"line":88,"column":4}}},"3":{"name":"updateNftSettings","line":96,"loc":{"start":{"line":90,"column":4},"end":{"line":101,"column":4}}},"4":{"name":"updateCommunitySettings","line":107,"loc":{"start":{"line":103,"column":4},"end":{"line":113,"column":4}}},"5":{"name":"init","line":122,"loc":{"start":{"line":115,"column":4},"end":{"line":125,"column":4}}},"6":{"name":"__Reward_init","line":133,"loc":{"start":{"line":127,"column":4},"end":{"line":156,"column":4}}},"7":{"name":"proceedImpact","line":159,"loc":{"start":{"line":159,"column":4},"end":{"line":178,"column":4}}},"8":{"name":"calculateImpactAmount","line":180,"loc":{"start":{"line":180,"column":4},"end":{"line":210,"column":4}}},"9":{"name":"proceedNft","line":212,"loc":{"start":{"line":212,"column":4},"end":{"line":240,"column":4}}},"10":{"name":"proceedCommunity","line":242,"loc":{"start":{"line":242,"column":4},"end":{"line":290,"column":4}}},"11":{"name":"_changeCommunityRole","line":291,"loc":{"start":{"line":291,"column":4},"end":{"line":344,"column":4}}},"12":{"name":"compareStrings","line":347,"loc":{"start":{"line":347,"column":4},"end":{"line":349,"column":4}}}},"statementMap":{"1":{"start":{"line":78,"column":8},"end":{"line":78,"column":63}},"2":{"start":{"line":80,"column":8},"end":{"line":80,"column":37}},"3":{"start":{"line":81,"column":8},"end":{"line":81,"column":34}},"4":{"start":{"line":82,"column":8},"end":{"line":82,"column":40}},"5":{"start":{"line":87,"column":8},"end":{"line":87,"column":23}},"6":{"start":{"line":98,"column":8},"end":{"line":98,"column":39}},"7":{"start":{"line":99,"column":8},"end":{"line":99,"column":39}},"8":{"start":{"line":100,"column":8},"end":{"line":100,"column":33}},"9":{"start":{"line":110,"column":8},"end":{"line":110,"column":3208}},"10":{"start":{"line":111,"column":12},"end":{"line":111,"column":93}},"11":{"start":{"line":124,"column":8},"end":{"line":124,"column":68}},"12":{"start":{"line":135,"column":8},"end":{"line":135,"column":45}},"13":{"start":{"line":136,"column":8},"end":{"line":136,"column":51}},"14":{"start":{"line":137,"column":8},"end":{"line":137,"column":51}},"15":{"start":{"line":138,"column":8},"end":{"line":138,"column":45}},"16":{"start":{"line":140,"column":8},"end":{"line":140,"column":59}},"17":{"start":{"line":142,"column":8},"end":{"line":142,"column":4275}},"18":{"start":{"line":143,"column":12},"end":{"line":143,"column":147}},"19":{"start":{"line":146,"column":8},"end":{"line":146,"column":66}},"20":{"start":{"line":147,"column":8},"end":{"line":147,"column":4583}},"21":{"start":{"line":148,"column":12},"end":{"line":148,"column":129}},"22":{"start":{"line":151,"column":8},"end":{"line":151,"column":23}},"23":{"start":{"line":153,"column":8},"end":{"line":153,"column":51}},"24":{"start":{"line":154,"column":8},"end":{"line":154,"column":45}},"25":{"start":{"line":165,"column":8},"end":{"line":165,"column":45}},"26":{"start":{"line":166,"column":8},"end":{"line":166,"column":5112}},"27":{"start":{"line":173,"column":12},"end":{"line":173,"column":25}},"28":{"start":{"line":175,"column":12},"end":{"line":175,"column":47}},"29":{"start":{"line":187,"column":8},"end":{"line":187,"column":64}},"30":{"start":{"line":188,"column":8},"end":{"line":188,"column":5730}},"31":{"start":{"line":192,"column":12},"end":{"line":192,"column":41}},"32":{"start":{"line":193,"column":12},"end":{"line":193,"column":36}},"33":{"start":{"line":194,"column":12},"end":{"line":194,"column":5984}},"34":{"start":{"line":196,"column":16},"end":{"line":196,"column":6043}},"35":{"start":{"line":201,"column":20},"end":{"line":201,"column":82}},"36":{"start":{"line":202,"column":20},"end":{"line":202,"column":81}},"37":{"start":{"line":206,"column":12},"end":{"line":206,"column":50}},"38":{"start":{"line":209,"column":8},"end":{"line":209,"column":21}},"39":{"start":{"line":219,"column":8},"end":{"line":219,"column":6719}},"40":{"start":{"line":227,"column":8},"end":{"line":227,"column":66}},"41":{"start":{"line":228,"column":8},"end":{"line":228,"column":53}},"42":{"start":{"line":230,"column":8},"end":{"line":230,"column":84}},"43":{"start":{"line":231,"column":8},"end":{"line":231,"column":7185}},"44":{"start":{"line":233,"column":12},"end":{"line":233,"column":70}},"45":{"start":{"line":233,"column":36},"end":{"line":233,"column":69}},"46":{"start":{"line":237,"column":12},"end":{"line":237,"column":47}},"47":{"start":{"line":248,"column":8},"end":{"line":248,"column":61}},"48":{"start":{"line":249,"column":8},"end":{"line":249,"column":50}},"49":{"start":{"line":251,"column":8},"end":{"line":251,"column":55}},"50":{"start":{"line":252,"column":8},"end":{"line":252,"column":17}},"51":{"start":{"line":254,"column":8},"end":{"line":254,"column":28}},"52":{"start":{"line":255,"column":8},"end":{"line":255,"column":7883}},"53":{"start":{"line":256,"column":12},"end":{"line":256,"column":7963}},"54":{"start":{"line":260,"column":16},"end":{"line":260,"column":72}},"55":{"start":{"line":261,"column":16},"end":{"line":261,"column":20}},"56":{"start":{"line":264,"column":12},"end":{"line":264,"column":8264}},"57":{"start":{"line":265,"column":16},"end":{"line":265,"column":27}},"58":{"start":{"line":271,"column":8},"end":{"line":271,"column":33}},"59":{"start":{"line":272,"column":8},"end":{"line":272,"column":33}},"60":{"start":{"line":274,"column":8},"end":{"line":274,"column":8665}},"61":{"start":{"line":275,"column":12},"end":{"line":275,"column":28}},"62":{"start":{"line":276,"column":12},"end":{"line":276,"column":30}},"63":{"start":{"line":277,"column":15},"end":{"line":277,"column":8795}},"64":{"start":{"line":278,"column":12},"end":{"line":278,"column":35}},"65":{"start":{"line":279,"column":12},"end":{"line":279,"column":30}},"66":{"start":{"line":282,"column":8},"end":{"line":282,"column":9015}},"67":{"start":{"line":283,"column":12},"end":{"line":283,"column":139}},"68":{"start":{"line":285,"column":12},"end":{"line":285,"column":109}},"69":{"start":{"line":286,"column":12},"end":{"line":286,"column":107}},"70":{"start":{"line":287,"column":12},"end":{"line":287,"column":60}},"71":{"start":{"line":292,"column":8},"end":{"line":292,"column":51}},"72":{"start":{"line":293,"column":8},"end":{"line":293,"column":27}},"73":{"start":{"line":295,"column":8},"end":{"line":295,"column":47}},"74":{"start":{"line":298,"column":8},"end":{"line":298,"column":9771}},"75":{"start":{"line":305,"column":12},"end":{"line":305,"column":25}},"76":{"start":{"line":307,"column":12},"end":{"line":307,"column":44}},"77":{"start":{"line":310,"column":8},"end":{"line":310,"column":10148}},"78":{"start":{"line":311,"column":12},"end":{"line":311,"column":10199}},"79":{"start":{"line":312,"column":16},"end":{"line":312,"column":30}},"80":{"start":{"line":313,"column":16},"end":{"line":313,"column":10286}},"81":{"start":{"line":320,"column":20},"end":{"line":320,"column":33}},"82":{"start":{"line":322,"column":20},"end":{"line":322,"column":53}},"83":{"start":{"line":327,"column":12},"end":{"line":327,"column":24}},"84":{"start":{"line":328,"column":12},"end":{"line":328,"column":10809}},"85":{"start":{"line":335,"column":16},"end":{"line":335,"column":29}},"86":{"start":{"line":337,"column":16},"end":{"line":337,"column":48}},"87":{"start":{"line":348,"column":8},"end":{"line":348,"column":85}}},"branchMap":{"1":{"line":78,"type":"if","locations":[{"start":{"line":78,"column":8},"end":{"line":78,"column":8}},{"start":{"line":78,"column":8},"end":{"line":78,"column":8}}]},"2":{"line":188,"type":"if","locations":[{"start":{"line":188,"column":8},"end":{"line":188,"column":8}},{"start":{"line":188,"column":8},"end":{"line":188,"column":8}}]},"3":{"line":196,"type":"if","locations":[{"start":{"line":196,"column":16},"end":{"line":196,"column":16}},{"start":{"line":196,"column":16},"end":{"line":196,"column":16}}]},"4":{"line":231,"type":"if","locations":[{"start":{"line":231,"column":8},"end":{"line":231,"column":8}},{"start":{"line":231,"column":8},"end":{"line":231,"column":8}}]},"5":{"line":233,"type":"if","locations":[{"start":{"line":233,"column":12},"end":{"line":233,"column":12}},{"start":{"line":233,"column":12},"end":{"line":233,"column":12}}]},"6":{"line":256,"type":"if","locations":[{"start":{"line":256,"column":12},"end":{"line":256,"column":12}},{"start":{"line":256,"column":12},"end":{"line":256,"column":12}}]},"7":{"line":264,"type":"if","locations":[{"start":{"line":264,"column":12},"end":{"line":264,"column":12}},{"start":{"line":264,"column":12},"end":{"line":264,"column":12}}]},"8":{"line":274,"type":"if","locations":[{"start":{"line":274,"column":8},"end":{"line":274,"column":8}},{"start":{"line":274,"column":8},"end":{"line":274,"column":8}}]},"9":{"line":277,"type":"if","locations":[{"start":{"line":277,"column":15},"end":{"line":277,"column":15}},{"start":{"line":277,"column":15},"end":{"line":277,"column":15}}]},"10":{"line":282,"type":"if","locations":[{"start":{"line":282,"column":8},"end":{"line":282,"column":8}},{"start":{"line":282,"column":8},"end":{"line":282,"column":8}}]},"11":{"line":310,"type":"if","locations":[{"start":{"line":310,"column":8},"end":{"line":310,"column":8}},{"start":{"line":310,"column":8},"end":{"line":310,"column":8}}]},"12":{"line":311,"type":"if","locations":[{"start":{"line":311,"column":12},"end":{"line":311,"column":12}},{"start":{"line":311,"column":12},"end":{"line":311,"column":12}}]}}}}