{"contracts\\ImpactCoin.sol":{"l":{"33":1},"path":"g:\\_projects\\intercoin\\RewardsContract\\src\\contracts\\ImpactCoin.sol","s":{"1":1},"b":{},"f":{"1":12,"2":1},"fnMap":{"1":{"name":"constructor","line":11,"loc":{"start":{"line":9,"column":4},"end":{"line":14,"column":4}}},"2":{"name":"mint","line":31,"loc":{"start":{"line":25,"column":4},"end":{"line":34,"column":4}}}},"statementMap":{"1":{"start":{"line":33,"column":8},"end":{"line":33,"column":24}}},"branchMap":{}},"contracts\\ITRx.sol":{"l":{"28":39,"29":39,"31":39,"32":39,"33":39,"40":9,"41":8,"57":47,"58":47,"85":65},"path":"g:\\_projects\\intercoin\\RewardsContract\\src\\contracts\\ITRx.sol","s":{"1":39,"2":39,"3":39,"4":39,"5":39,"6":9,"7":8,"8":47,"9":47,"10":65},"b":{"1":[39,0],"2":[8,1],"3":[47,0],"4":[60,5]},"f":{"1":39,"2":9,"3":47,"4":65},"fnMap":{"1":{"name":"constructor","line":26,"loc":{"start":{"line":20,"column":4},"end":{"line":34,"column":4}}},"2":{"name":"mint","line":39,"loc":{"start":{"line":39,"column":4},"end":{"line":42,"column":4}}},"3":{"name":"_mint","line":47,"loc":{"start":{"line":47,"column":4},"end":{"line":59,"column":4}}},"4":{"name":"_beforeTokenTransfer","line":75,"loc":{"start":{"line":75,"column":4},"end":{"line":93,"column":4}}}},"statementMap":{"1":{"start":{"line":28,"column":8},"end":{"line":28,"column":51}},"2":{"start":{"line":29,"column":8},"end":{"line":29,"column":42}},"3":{"start":{"line":31,"column":8},"end":{"line":31,"column":66}},"4":{"start":{"line":32,"column":8},"end":{"line":32,"column":27}},"5":{"start":{"line":33,"column":8},"end":{"line":33,"column":49}},"6":{"start":{"line":40,"column":8},"end":{"line":40,"column":72}},"7":{"start":{"line":41,"column":8},"end":{"line":41,"column":37}},"8":{"start":{"line":57,"column":8},"end":{"line":57,"column":79}},"9":{"start":{"line":58,"column":8},"end":{"line":58,"column":65}},"10":{"start":{"line":85,"column":8},"end":{"line":85,"column":2752}}},"branchMap":{"1":{"line":31,"type":"if","locations":[{"start":{"line":31,"column":8},"end":{"line":31,"column":8}},{"start":{"line":31,"column":8},"end":{"line":31,"column":8}}]},"2":{"line":40,"type":"if","locations":[{"start":{"line":40,"column":8},"end":{"line":40,"column":8}},{"start":{"line":40,"column":8},"end":{"line":40,"column":8}}]},"3":{"line":57,"type":"if","locations":[{"start":{"line":57,"column":8},"end":{"line":57,"column":8}},{"start":{"line":57,"column":8},"end":{"line":57,"column":8}}]},"4":{"line":85,"type":"if","locations":[{"start":{"line":85,"column":8},"end":{"line":85,"column":8}},{"start":{"line":85,"column":8},"end":{"line":85,"column":8}}]}}},"contracts\\mocks\\uniswap\\IUniswapRouter.sol":{"l":{},"path":"g:\\_projects\\intercoin\\RewardsContract\\src\\contracts\\mocks\\uniswap\\IUniswapRouter.sol","s":{},"b":{},"f":{},"fnMap":{},"statementMap":{},"branchMap":{}},"contracts\\mocks\\uniswap\\IUniswapV2Factory.sol":{"l":{},"path":"g:\\_projects\\intercoin\\RewardsContract\\src\\contracts\\mocks\\uniswap\\IUniswapV2Factory.sol","s":{},"b":{},"f":{},"fnMap":{},"statementMap":{},"branchMap":{}}}